  GameLoofManager.cpp
C:\Users\chltk\source\repos\CmdRPG\CmdRPG\UI.h(79,21): warning C4018: '<': signed 또는 unsigned가 일치하지 않습니다.
C:\Users\chltk\source\repos\CmdRPG\CmdRPG\UI.h(86,21): warning C4018: '<': signed 또는 unsigned가 일치하지 않습니다.
  LobbyScene.cpp
C:\Users\chltk\source\repos\CmdRPG\CmdRPG\UI.h(79,21): warning C4018: '<': signed 또는 unsigned가 일치하지 않습니다.
C:\Users\chltk\source\repos\CmdRPG\CmdRPG\UI.h(86,21): warning C4018: '<': signed 또는 unsigned가 일치하지 않습니다.
  SceneManager.cpp
C:\Users\chltk\source\repos\CmdRPG\CmdRPG\UI.h(79,21): warning C4018: '<': signed 또는 unsigned가 일치하지 않습니다.
C:\Users\chltk\source\repos\CmdRPG\CmdRPG\UI.h(86,21): warning C4018: '<': signed 또는 unsigned가 일치하지 않습니다.
  Screen.cpp
  Screen.h
  main.cpp
C:\Users\chltk\source\repos\CmdRPG\CmdRPG\UI.h(79,21): warning C4018: '<': signed 또는 unsigned가 일치하지 않습니다.
C:\Users\chltk\source\repos\CmdRPG\CmdRPG\UI.h(86,21): warning C4018: '<': signed 또는 unsigned가 일치하지 않습니다.
Release\Screen.obj : warning LNK4042: 개체가 두 번 이상 지정되었습니다. 나머지는 무시됩니다.
  코드를 생성하고 있습니다.
  133 of 493 functions (27.0%) were compiled, the rest were copied from previous compilation.
    0 functions were new in current compilation
    46 functions had inline decision re-evaluated but remain unchanged
  코드를 생성했습니다.
  CmdRPG.vcxproj -> C:\Users\chltk\source\repos\CmdRPG\Release\CmdRPG.exe
