  FileStream.cpp
  GameLoofManager.cpp
C:\Users\chltk\source\repos\CmdRPG\CmdRPG\ConsoleImage.h(49,21): warning C4018: '<': signed 또는 unsigned가 일치하지 않습니다.
C:\Users\chltk\source\repos\CmdRPG\CmdRPG\Object.h(83,21): warning C4018: '<': signed 또는 unsigned가 일치하지 않습니다.
C:\Users\chltk\source\repos\CmdRPG\CmdRPG\UI.h(57,21): warning C4018: '<': signed 또는 unsigned가 일치하지 않습니다.
C:\Program Files (x86)\Microsoft Visual Studio\2019\Community\VC\Tools\MSVC\14.29.30133\include\xmemory(681,47): error C2558: class 'Pixel': 복사 생성자를 사용할 수 없거나 복사 생성자가 'explicit'으로 선언되었습니다.
C:\Program Files (x86)\Microsoft Visual Studio\2019\Community\VC\Tools\MSVC\14.29.30133\include\vector(708): message : 컴파일되는 함수 템플릿 인스턴스화 'void std::_Default_allocator_traits<_Alloc>::construct<_Ty,const _Ty&>(_Alloc &,_Objty *const ,const _Ty &)'에 대한 참조를 확인하세요.
          with
          [
              _Alloc=std::allocator<Pixel>,
              _Ty=Pixel,
              _Objty=Pixel
          ]
C:\Program Files (x86)\Microsoft Visual Studio\2019\Community\VC\Tools\MSVC\14.29.30133\include\vector(713): message : 컴파일되는 함수 템플릿 인스턴스화 'void std::_Default_allocator_traits<_Alloc>::construct<_Ty,const _Ty&>(_Alloc &,_Objty *const ,const _Ty &)'에 대한 참조를 확인하세요.
          with
          [
              _Alloc=std::allocator<Pixel>,
              _Ty=Pixel,
              _Objty=Pixel
          ]
C:\Program Files (x86)\Microsoft Visual Studio\2019\Community\VC\Tools\MSVC\14.29.30133\include\vector(726): message : 컴파일되는 함수 템플릿 인스턴스화 'void std::vector<Pixel,std::allocator<Pixel>>::_Emplace_back_with_unused_capacity<const _Ty&>(const _Ty &)'에 대한 참조를 확인하세요.
          with
          [
              _Ty=Pixel
          ]
C:\Program Files (x86)\Microsoft Visual Studio\2019\Community\VC\Tools\MSVC\14.29.30133\include\vector(743): message : 컴파일되는 함수 템플릿 인스턴스화 'void std::vector<Pixel,std::allocator<Pixel>>::emplace_back<const _Ty&>(const _Ty &)'에 대한 참조를 확인하세요.
          with
          [
              _Ty=Pixel
          ]
C:\Program Files (x86)\Microsoft Visual Studio\2019\Community\VC\Tools\MSVC\14.29.30133\include\vector(742): message : 클래스 템플릿 멤버 함수 'void std::vector<Pixel,std::allocator<Pixel>>::push_back(const _Ty &)'을(를) 컴파일하는 중입니다.
          with
          [
              _Ty=Pixel
          ]
C:\Users\chltk\source\repos\CmdRPG\CmdRPG\ConsoleImage.h(51): message : 컴파일되는 함수 템플릿 인스턴스화 'void std::vector<Pixel,std::allocator<Pixel>>::push_back(const _Ty &)'에 대한 참조를 확인하세요.
          with
          [
              _Ty=Pixel
          ]
C:\Users\chltk\source\repos\CmdRPG\CmdRPG\ConsoleImage.h(39): message : 컴파일되는 클래스 템플릿 인스턴스화 'std::vector<Pixel,std::allocator<Pixel>>'에 대한 참조를 확인하세요.
  LobbyScene.cpp
C:\Users\chltk\source\repos\CmdRPG\CmdRPG\ConsoleImage.h(49,21): warning C4018: '<': signed 또는 unsigned가 일치하지 않습니다.
C:\Users\chltk\source\repos\CmdRPG\CmdRPG\Object.h(83,21): warning C4018: '<': signed 또는 unsigned가 일치하지 않습니다.
C:\Users\chltk\source\repos\CmdRPG\CmdRPG\UI.h(57,21): warning C4018: '<': signed 또는 unsigned가 일치하지 않습니다.
C:\Users\chltk\source\repos\CmdRPG\CmdRPG\LobbyScene.cpp(5,81): error C2664: 'UIButton::UIButton(Position,int,int,std::string)': 인수 1을(를) 'Position'에서 'Position'(으)로 변환할 수 없습니다.
C:\Users\chltk\source\repos\CmdRPG\CmdRPG\LobbyScene.cpp(5,81): message : 복사 생성자가 모호하거나 사용할 수 있는 복사 생성자가 없어서 class 'Position'을(를) 복사 생성할 수 없습니다.
C:\Users\chltk\source\repos\CmdRPG\CmdRPG\UI.h(99,2): message : 'UIButton::UIButton' 선언을 참조하십시오.
C:\Users\chltk\source\repos\CmdRPG\CmdRPG\LobbyScene.cpp(6,78): error C2664: 'UIButton::UIButton(Position,int,int,std::string)': 인수 1을(를) 'Position'에서 'Position'(으)로 변환할 수 없습니다.
C:\Users\chltk\source\repos\CmdRPG\CmdRPG\LobbyScene.cpp(6,78): message : 복사 생성자가 모호하거나 사용할 수 있는 복사 생성자가 없어서 class 'Position'을(를) 복사 생성할 수 없습니다.
C:\Users\chltk\source\repos\CmdRPG\CmdRPG\UI.h(99,2): message : 'UIButton::UIButton' 선언을 참조하십시오.
C:\Users\chltk\source\repos\CmdRPG\CmdRPG\LobbyScene.cpp(7,77): error C2664: 'UIButton::UIButton(Position,int,int,std::string)': 인수 1을(를) 'Position'에서 'Position'(으)로 변환할 수 없습니다.
C:\Users\chltk\source\repos\CmdRPG\CmdRPG\LobbyScene.cpp(7,77): message : 복사 생성자가 모호하거나 사용할 수 있는 복사 생성자가 없어서 class 'Position'을(를) 복사 생성할 수 없습니다.
C:\Users\chltk\source\repos\CmdRPG\CmdRPG\UI.h(99,2): message : 'UIButton::UIButton' 선언을 참조하십시오.
C:\Users\chltk\source\repos\CmdRPG\CmdRPG\LobbyScene.cpp(8,75): error C2664: 'UIButton::UIButton(Position,int,int,std::string)': 인수 1을(를) 'Position'에서 'Position'(으)로 변환할 수 없습니다.
C:\Users\chltk\source\repos\CmdRPG\CmdRPG\LobbyScene.cpp(8,75): message : 복사 생성자가 모호하거나 사용할 수 있는 복사 생성자가 없어서 class 'Position'을(를) 복사 생성할 수 없습니다.
C:\Users\chltk\source\repos\CmdRPG\CmdRPG\UI.h(99,2): message : 'UIButton::UIButton' 선언을 참조하십시오.
  main.cpp
C:\Users\chltk\source\repos\CmdRPG\CmdRPG\ConsoleImage.h(49,21): warning C4018: '<': signed 또는 unsigned가 일치하지 않습니다.
C:\Users\chltk\source\repos\CmdRPG\CmdRPG\Object.h(83,21): warning C4018: '<': signed 또는 unsigned가 일치하지 않습니다.
C:\Users\chltk\source\repos\CmdRPG\CmdRPG\UI.h(57,21): warning C4018: '<': signed 또는 unsigned가 일치하지 않습니다.
C:\Program Files (x86)\Microsoft Visual Studio\2019\Community\VC\Tools\MSVC\14.29.30133\include\xmemory(681,47): error C2558: class 'Pixel': 복사 생성자를 사용할 수 없거나 복사 생성자가 'explicit'으로 선언되었습니다.
C:\Program Files (x86)\Microsoft Visual Studio\2019\Community\VC\Tools\MSVC\14.29.30133\include\vector(708): message : 컴파일되는 함수 템플릿 인스턴스화 'void std::_Default_allocator_traits<_Alloc>::construct<_Ty,const _Ty&>(_Alloc &,_Objty *const ,const _Ty &)'에 대한 참조를 확인하세요.
          with
          [
              _Alloc=std::allocator<Pixel>,
              _Ty=Pixel,
              _Objty=Pixel
          ]
C:\Program Files (x86)\Microsoft Visual Studio\2019\Community\VC\Tools\MSVC\14.29.30133\include\vector(713): message : 컴파일되는 함수 템플릿 인스턴스화 'void std::_Default_allocator_traits<_Alloc>::construct<_Ty,const _Ty&>(_Alloc &,_Objty *const ,const _Ty &)'에 대한 참조를 확인하세요.
          with
          [
              _Alloc=std::allocator<Pixel>,
              _Ty=Pixel,
              _Objty=Pixel
          ]
C:\Program Files (x86)\Microsoft Visual Studio\2019\Community\VC\Tools\MSVC\14.29.30133\include\vector(726): message : 컴파일되는 함수 템플릿 인스턴스화 'void std::vector<Pixel,std::allocator<Pixel>>::_Emplace_back_with_unused_capacity<const _Ty&>(const _Ty &)'에 대한 참조를 확인하세요.
          with
          [
              _Ty=Pixel
          ]
C:\Program Files (x86)\Microsoft Visual Studio\2019\Community\VC\Tools\MSVC\14.29.30133\include\vector(743): message : 컴파일되는 함수 템플릿 인스턴스화 'void std::vector<Pixel,std::allocator<Pixel>>::emplace_back<const _Ty&>(const _Ty &)'에 대한 참조를 확인하세요.
          with
          [
              _Ty=Pixel
          ]
C:\Program Files (x86)\Microsoft Visual Studio\2019\Community\VC\Tools\MSVC\14.29.30133\include\vector(742): message : 클래스 템플릿 멤버 함수 'void std::vector<Pixel,std::allocator<Pixel>>::push_back(const _Ty &)'을(를) 컴파일하는 중입니다.
          with
          [
              _Ty=Pixel
          ]
C:\Users\chltk\source\repos\CmdRPG\CmdRPG\ConsoleImage.h(51): message : 컴파일되는 함수 템플릿 인스턴스화 'void std::vector<Pixel,std::allocator<Pixel>>::push_back(const _Ty &)'에 대한 참조를 확인하세요.
          with
          [
              _Ty=Pixel
          ]
C:\Users\chltk\source\repos\CmdRPG\CmdRPG\ConsoleImage.h(39): message : 컴파일되는 클래스 템플릿 인스턴스화 'std::vector<Pixel,std::allocator<Pixel>>'에 대한 참조를 확인하세요.
  Mouse.cpp
C:\Users\chltk\source\repos\CmdRPG\CmdRPG\ConsoleImage.h(49,21): warning C4018: '<': signed 또는 unsigned가 일치하지 않습니다.
C:\Users\chltk\source\repos\CmdRPG\CmdRPG\Object.h(83,21): warning C4018: '<': signed 또는 unsigned가 일치하지 않습니다.
C:\Users\chltk\source\repos\CmdRPG\CmdRPG\Mouse.cpp(38,60): error C2664: 'bool Object::Inside(Position)': 인수 1을(를) 'Position'에서 'Position'(으)로 변환할 수 없습니다.
C:\Users\chltk\source\repos\CmdRPG\CmdRPG\Mouse.cpp(38,60): message : 복사 생성자가 모호하거나 사용할 수 있는 복사 생성자가 없어서 class 'Position'을(를) 복사 생성할 수 없습니다.
C:\Users\chltk\source\repos\CmdRPG\CmdRPG\Object.h(77,15): message : 'Object::Inside' 선언을 참조하십시오.
  Object.cpp
C:\Users\chltk\source\repos\CmdRPG\CmdRPG\ConsoleImage.h(49,21): warning C4018: '<': signed 또는 unsigned가 일치하지 않습니다.
C:\Users\chltk\source\repos\CmdRPG\CmdRPG\Object.h(83,21): warning C4018: '<': signed 또는 unsigned가 일치하지 않습니다.
C:\Program Files (x86)\Microsoft Visual Studio\2019\Community\VC\Tools\MSVC\14.29.30133\include\xmemory(681,47): error C2558: class 'Pixel': 복사 생성자를 사용할 수 없거나 복사 생성자가 'explicit'으로 선언되었습니다.
C:\Program Files (x86)\Microsoft Visual Studio\2019\Community\VC\Tools\MSVC\14.29.30133\include\vector(708): message : 컴파일되는 함수 템플릿 인스턴스화 'void std::_Default_allocator_traits<_Alloc>::construct<_Ty,const _Ty&>(_Alloc &,_Objty *const ,const _Ty &)'에 대한 참조를 확인하세요.
          with
          [
              _Alloc=std::allocator<Pixel>,
              _Ty=Pixel,
              _Objty=Pixel
          ]
C:\Program Files (x86)\Microsoft Visual Studio\2019\Community\VC\Tools\MSVC\14.29.30133\include\vector(713): message : 컴파일되는 함수 템플릿 인스턴스화 'void std::_Default_allocator_traits<_Alloc>::construct<_Ty,const _Ty&>(_Alloc &,_Objty *const ,const _Ty &)'에 대한 참조를 확인하세요.
          with
          [
              _Alloc=std::allocator<Pixel>,
              _Ty=Pixel,
              _Objty=Pixel
          ]
C:\Program Files (x86)\Microsoft Visual Studio\2019\Community\VC\Tools\MSVC\14.29.30133\include\vector(726): message : 컴파일되는 함수 템플릿 인스턴스화 'void std::vector<Pixel,std::allocator<Pixel>>::_Emplace_back_with_unused_capacity<const _Ty&>(const _Ty &)'에 대한 참조를 확인하세요.
          with
          [
              _Ty=Pixel
          ]
C:\Program Files (x86)\Microsoft Visual Studio\2019\Community\VC\Tools\MSVC\14.29.30133\include\vector(743): message : 컴파일되는 함수 템플릿 인스턴스화 'void std::vector<Pixel,std::allocator<Pixel>>::emplace_back<const _Ty&>(const _Ty &)'에 대한 참조를 확인하세요.
          with
          [
              _Ty=Pixel
          ]
C:\Program Files (x86)\Microsoft Visual Studio\2019\Community\VC\Tools\MSVC\14.29.30133\include\vector(742): message : 클래스 템플릿 멤버 함수 'void std::vector<Pixel,std::allocator<Pixel>>::push_back(const _Ty &)'을(를) 컴파일하는 중입니다.
          with
          [
              _Ty=Pixel
          ]
C:\Users\chltk\source\repos\CmdRPG\CmdRPG\ConsoleImage.h(51): message : 컴파일되는 함수 템플릿 인스턴스화 'void std::vector<Pixel,std::allocator<Pixel>>::push_back(const _Ty &)'에 대한 참조를 확인하세요.
          with
          [
              _Ty=Pixel
          ]
C:\Users\chltk\source\repos\CmdRPG\CmdRPG\ConsoleImage.h(39): message : 컴파일되는 클래스 템플릿 인스턴스화 'std::vector<Pixel,std::allocator<Pixel>>'에 대한 참조를 확인하세요.
  Player.cpp
  SceneManager.cpp
C:\Users\chltk\source\repos\CmdRPG\CmdRPG\ConsoleImage.h(49,21): warning C4018: '<': signed 또는 unsigned가 일치하지 않습니다.
C:\Users\chltk\source\repos\CmdRPG\CmdRPG\Object.h(83,21): warning C4018: '<': signed 또는 unsigned가 일치하지 않습니다.
C:\Users\chltk\source\repos\CmdRPG\CmdRPG\UI.h(57,21): warning C4018: '<': signed 또는 unsigned가 일치하지 않습니다.
C:\Program Files (x86)\Microsoft Visual Studio\2019\Community\VC\Tools\MSVC\14.29.30133\include\xmemory(681,47): error C2558: class 'Pixel': 복사 생성자를 사용할 수 없거나 복사 생성자가 'explicit'으로 선언되었습니다.
C:\Program Files (x86)\Microsoft Visual Studio\2019\Community\VC\Tools\MSVC\14.29.30133\include\vector(708): message : 컴파일되는 함수 템플릿 인스턴스화 'void std::_Default_allocator_traits<_Alloc>::construct<_Ty,const _Ty&>(_Alloc &,_Objty *const ,const _Ty &)'에 대한 참조를 확인하세요.
          with
          [
              _Alloc=std::allocator<Pixel>,
              _Ty=Pixel,
              _Objty=Pixel
          ]
C:\Program Files (x86)\Microsoft Visual Studio\2019\Community\VC\Tools\MSVC\14.29.30133\include\vector(713): message : 컴파일되는 함수 템플릿 인스턴스화 'void std::_Default_allocator_traits<_Alloc>::construct<_Ty,const _Ty&>(_Alloc &,_Objty *const ,const _Ty &)'에 대한 참조를 확인하세요.
          with
          [
              _Alloc=std::allocator<Pixel>,
              _Ty=Pixel,
              _Objty=Pixel
          ]
C:\Program Files (x86)\Microsoft Visual Studio\2019\Community\VC\Tools\MSVC\14.29.30133\include\vector(726): message : 컴파일되는 함수 템플릿 인스턴스화 'void std::vector<Pixel,std::allocator<Pixel>>::_Emplace_back_with_unused_capacity<const _Ty&>(const _Ty &)'에 대한 참조를 확인하세요.
          with
          [
              _Ty=Pixel
          ]
C:\Program Files (x86)\Microsoft Visual Studio\2019\Community\VC\Tools\MSVC\14.29.30133\include\vector(743): message : 컴파일되는 함수 템플릿 인스턴스화 'void std::vector<Pixel,std::allocator<Pixel>>::emplace_back<const _Ty&>(const _Ty &)'에 대한 참조를 확인하세요.
          with
          [
              _Ty=Pixel
          ]
C:\Program Files (x86)\Microsoft Visual Studio\2019\Community\VC\Tools\MSVC\14.29.30133\include\vector(742): message : 클래스 템플릿 멤버 함수 'void std::vector<Pixel,std::allocator<Pixel>>::push_back(const _Ty &)'을(를) 컴파일하는 중입니다.
          with
          [
              _Ty=Pixel
          ]
C:\Users\chltk\source\repos\CmdRPG\CmdRPG\ConsoleImage.h(51): message : 컴파일되는 함수 템플릿 인스턴스화 'void std::vector<Pixel,std::allocator<Pixel>>::push_back(const _Ty &)'에 대한 참조를 확인하세요.
          with
          [
              _Ty=Pixel
          ]
C:\Users\chltk\source\repos\CmdRPG\CmdRPG\ConsoleImage.h(39): message : 컴파일되는 클래스 템플릿 인스턴스화 'std::vector<Pixel,std::allocator<Pixel>>'에 대한 참조를 확인하세요.
  UI.cpp
C:\Users\chltk\source\repos\CmdRPG\CmdRPG\ConsoleImage.h(49,21): warning C4018: '<': signed 또는 unsigned가 일치하지 않습니다.
C:\Users\chltk\source\repos\CmdRPG\CmdRPG\Object.h(83,21): warning C4018: '<': signed 또는 unsigned가 일치하지 않습니다.
C:\Users\chltk\source\repos\CmdRPG\CmdRPG\UI.h(57,21): warning C4018: '<': signed 또는 unsigned가 일치하지 않습니다.
C:\Users\chltk\source\repos\CmdRPG\CmdRPG\UI.cpp(6,20): warning C4018: '<': signed 또는 unsigned가 일치하지 않습니다.
C:\Users\chltk\source\repos\CmdRPG\CmdRPG\UI.cpp(15,20): warning C4018: '<': signed 또는 unsigned가 일치하지 않습니다.
C:\Users\chltk\source\repos\CmdRPG\CmdRPG\UI.cpp(26,3): error C2065: 'consoleImg': 선언되지 않은 식별자입니다.
C:\Users\chltk\source\repos\CmdRPG\CmdRPG\UI.cpp(26,67): error C2440: '<function-style-cast>': 'initializer list'에서 'Pixel'(으)로 변환할 수 없습니다.
C:\Users\chltk\source\repos\CmdRPG\CmdRPG\UI.cpp(26,67): message : 소스 형식을 가져올 수 있는 생성자가 없거나 생성자 오버로드 확인이 모호합니다.
C:\Users\chltk\source\repos\CmdRPG\CmdRPG\UI.cpp(27,3): error C2065: 'consoleImg': 선언되지 않은 식별자입니다.
C:\Users\chltk\source\repos\CmdRPG\CmdRPG\UI.cpp(27,71): error C2440: '<function-style-cast>': 'initializer list'에서 'Pixel'(으)로 변환할 수 없습니다.
C:\Users\chltk\source\repos\CmdRPG\CmdRPG\UI.cpp(27,71): message : 소스 형식을 가져올 수 있는 생성자가 없거나 생성자 오버로드 확인이 모호합니다.
C:\Users\chltk\source\repos\CmdRPG\CmdRPG\UI.cpp(32,3): error C2065: 'consoleImg': 선언되지 않은 식별자입니다.
C:\Users\chltk\source\repos\CmdRPG\CmdRPG\UI.cpp(32,68): error C2440: '<function-style-cast>': 'initializer list'에서 'Pixel'(으)로 변환할 수 없습니다.
C:\Users\chltk\source\repos\CmdRPG\CmdRPG\UI.cpp(32,68): message : 소스 형식을 가져올 수 있는 생성자가 없거나 생성자 오버로드 확인이 모호합니다.
C:\Users\chltk\source\repos\CmdRPG\CmdRPG\UI.cpp(33,3): error C2065: 'consoleImg': 선언되지 않은 식별자입니다.
C:\Users\chltk\source\repos\CmdRPG\CmdRPG\UI.cpp(33,69): error C2440: '<function-style-cast>': 'initializer list'에서 'Pixel'(으)로 변환할 수 없습니다.
C:\Users\chltk\source\repos\CmdRPG\CmdRPG\UI.cpp(33,69): message : 소스 형식을 가져올 수 있는 생성자가 없거나 생성자 오버로드 확인이 모호합니다.
  코드를 생성하고 있습니다...
